build/outputs/logs/manifest-merger-debug-report.txt
-- Merging decision tree log ---
manifest
ADDED from AndroidStudioProjects\Support\AndroidManifest.xml:2:1-130:12
	package
		ADDED from AndroidStudioProjects\Support\AndroidManifest.xml:4:5-41
	android:versionName
		ADDED from AndroidStudioProjects\Support\AndroidManifest.xml:6:5-30
		INJECTED from AndroidStudioProjects\Support\AndroidManifest.xml
		INJECTED from AndroidStudioProjects\Support\AndroidManifest.xml
	xmlns:tools
		ADDED from AndroidStudioProjects\Support\AndroidManifest.xml:3:5-51
	android:versionCode
		ADDED from AndroidStudioProjects\Support\AndroidManifest.xml:5:5-28
		INJECTED from AndroidStudioProjects\Support\AndroidManifest.xml
		INJECTED from AndroidStudioProjects\Support\AndroidManifest.xml
	xmlns:android
		ADDED from AndroidStudioProjects\Support\AndroidManifest.xml:2:11-69
uses-sdk
ADDED from AndroidStudioProjects\Support\AndroidManifest.xml:8:5-10:41
MERGED from [com.android.support:multidex:1.0.1] AndroidManifest.xml:18:5-42
MERGED from [com.google.android.gms:play-services-base:6.5.87] AndroidManifest.xml:18:5-42
MERGED from [com.android.support:support-v4:21.0.0] AndroidManifest.xml:15:5-42
MERGED from [com.microsoft.azure:azure-notifications-handler:1.0.1] AndroidManifest.xml:7:5-9:41
	android:targetSdkVersion
		ADDED from AndroidStudioProjects\Support\AndroidManifest.xml:10:9-38
	android:minSdkVersion
		ADDED from AndroidStudioProjects\Support\AndroidManifest.xml:9:9-35
		INJECTED from AndroidStudioProjects\Support\AndroidManifest.xml
		INJECTED from AndroidStudioProjects\Support\AndroidManifest.xml
uses-permission#android.permission.INTERNET
ADDED from AndroidStudioProjects\Support\AndroidManifest.xml:12:5-67
	android:name
		ADDED from AndroidStudioProjects\Support\AndroidManifest.xml:12:22-64
uses-permission#android.permission.WRITE_EXTERNAL_STORAGE
ADDED from AndroidStudioProjects\Support\AndroidManifest.xml:13:5-81
	android:name
		ADDED from AndroidStudioProjects\Support\AndroidManifest.xml:13:22-78
uses-permission#android.permission.READ_PHONE_STATE
ADDED from AndroidStudioProjects\Support\AndroidManifest.xml:14:5-75
	android:name
		ADDED from AndroidStudioProjects\Support\AndroidManifest.xml:14:22-72
uses-permission#android.permission.READ_EXTERNAL_STORAGE
ADDED from AndroidStudioProjects\Support\AndroidManifest.xml:15:5-80
	android:name
		ADDED from AndroidStudioProjects\Support\AndroidManifest.xml:15:22-77
uses-permission#android.permission.RECEIVE_BOOT_COMPLETED
ADDED from AndroidStudioProjects\Support\AndroidManifest.xml:16:5-81
	android:name
		ADDED from AndroidStudioProjects\Support\AndroidManifest.xml:16:22-78
uses-permission#android.permission.WAKE_LOCK
ADDED from AndroidStudioProjects\Support\AndroidManifest.xml:17:5-68
	android:name
		ADDED from AndroidStudioProjects\Support\AndroidManifest.xml:17:22-65
uses-permission#android.permission.GET_ACCOUNTS
ADDED from AndroidStudioProjects\Support\AndroidManifest.xml:18:5-71
	android:name
		ADDED from AndroidStudioProjects\Support\AndroidManifest.xml:18:22-68
uses-permission#com.google.android.c2dm.permission.RECEIVE
ADDED from AndroidStudioProjects\Support\AndroidManifest.xml:19:5-82
	android:name
		ADDED from AndroidStudioProjects\Support\AndroidManifest.xml:19:22-79
permission#com.example.appolissupport.permission.C2D_MESSAGE
ADDED from AndroidStudioProjects\Support\AndroidManifest.xml:21:5-23:47
	android:protectionLevel
		ADDED from AndroidStudioProjects\Support\AndroidManifest.xml:23:9-44
	android:name
		ADDED from AndroidStudioProjects\Support\AndroidManifest.xml:22:9-73
uses-permission#com.example.appolissupport.permission.C2D_MESSAGE
ADDED from AndroidStudioProjects\Support\AndroidManifest.xml:25:5-89
	android:name
		ADDED from AndroidStudioProjects\Support\AndroidManifest.xml:25:22-86
application
ADDED from AndroidStudioProjects\Support\AndroidManifest.xml:27:5-128:19
MERGED from [com.google.android.gms:play-services-base:6.5.87] AndroidManifest.xml:20:5-24:19
MERGED from [com.android.support:support-v4:21.0.0] AndroidManifest.xml:16:5-19
MERGED from [com.microsoft.azure:azure-notifications-handler:1.0.1] AndroidManifest.xml:11:5-15:19
	android:label
		ADDED from AndroidStudioProjects\Support\AndroidManifest.xml:30:9-41
	android:allowBackup
		ADDED from AndroidStudioProjects\Support\AndroidManifest.xml:28:9-35
	android:icon
		ADDED from AndroidStudioProjects\Support\AndroidManifest.xml:29:9-46
		REJECTED from [com.microsoft.azure:azure-notifications-handler:1.0.1] AndroidManifest.xml:13:9-45
	android:theme
		ADDED from AndroidStudioProjects\Support\AndroidManifest.xml:31:9-56
	tools:replace
		ADDED from AndroidStudioProjects\Support\AndroidManifest.xml:32:9-37
activity#com.support.main.SplashActivity
ADDED from AndroidStudioProjects\Support\AndroidManifest.xml:33:9-43:20
	android:screenOrientation
		ADDED from AndroidStudioProjects\Support\AndroidManifest.xml:36:13-49
	android:label
		ADDED from AndroidStudioProjects\Support\AndroidManifest.xml:35:13-45
	android:theme
		ADDED from AndroidStudioProjects\Support\AndroidManifest.xml:37:13-47
	android:name
		ADDED from AndroidStudioProjects\Support\AndroidManifest.xml:34:13-59
intent-filter#android.intent.action.MAIN+android.intent.category.LAUNCHER
ADDED from AndroidStudioProjects\Support\AndroidManifest.xml:38:13-42:29
action#android.intent.action.MAIN
ADDED from AndroidStudioProjects\Support\AndroidManifest.xml:39:17-69
	android:name
		ADDED from AndroidStudioProjects\Support\AndroidManifest.xml:39:25-66
category#android.intent.category.LAUNCHER
ADDED from AndroidStudioProjects\Support\AndroidManifest.xml:41:17-77
	android:name
		ADDED from AndroidStudioProjects\Support\AndroidManifest.xml:41:27-74
activity#com.support.main.LoginActivity
ADDED from AndroidStudioProjects\Support\AndroidManifest.xml:44:9-48:55
	android:label
		ADDED from AndroidStudioProjects\Support\AndroidManifest.xml:47:13-45
	android:windowSoftInputMode
		ADDED from AndroidStudioProjects\Support\AndroidManifest.xml:48:13-52
	android:configChanges
		ADDED from AndroidStudioProjects\Support\AndroidManifest.xml:46:13-74
	android:name
		ADDED from AndroidStudioProjects\Support\AndroidManifest.xml:45:13-58
activity#com.support.main.RegisterActivity
ADDED from AndroidStudioProjects\Support\AndroidManifest.xml:49:9-53:55
	android:label
		ADDED from AndroidStudioProjects\Support\AndroidManifest.xml:52:13-45
	android:windowSoftInputMode
		ADDED from AndroidStudioProjects\Support\AndroidManifest.xml:53:13-52
	android:configChanges
		ADDED from AndroidStudioProjects\Support\AndroidManifest.xml:51:13-74
	android:name
		ADDED from AndroidStudioProjects\Support\AndroidManifest.xml:50:13-61
activity#com.support.main.RegisterSuperUserActivity
ADDED from AndroidStudioProjects\Support\AndroidManifest.xml:54:9-58:55
	android:label
		ADDED from AndroidStudioProjects\Support\AndroidManifest.xml:57:13-46
	android:windowSoftInputMode
		ADDED from AndroidStudioProjects\Support\AndroidManifest.xml:58:13-52
	android:configChanges
		ADDED from AndroidStudioProjects\Support\AndroidManifest.xml:56:13-74
	android:name
		ADDED from AndroidStudioProjects\Support\AndroidManifest.xml:55:13-70
activity#com.support.main.MainActivity
ADDED from AndroidStudioProjects\Support\AndroidManifest.xml:59:9-63:55
	android:label
		ADDED from AndroidStudioProjects\Support\AndroidManifest.xml:62:13-45
	android:windowSoftInputMode
		ADDED from AndroidStudioProjects\Support\AndroidManifest.xml:63:13-52
	android:configChanges
		ADDED from AndroidStudioProjects\Support\AndroidManifest.xml:61:13-74
	android:name
		ADDED from AndroidStudioProjects\Support\AndroidManifest.xml:60:13-57
activity#com.support.main.SuperUserActivity
ADDED from AndroidStudioProjects\Support\AndroidManifest.xml:64:9-68:55
	android:label
		ADDED from AndroidStudioProjects\Support\AndroidManifest.xml:67:13-45
	android:windowSoftInputMode
		ADDED from AndroidStudioProjects\Support\AndroidManifest.xml:68:13-52
	android:configChanges
		ADDED from AndroidStudioProjects\Support\AndroidManifest.xml:66:13-74
	android:name
		ADDED from AndroidStudioProjects\Support\AndroidManifest.xml:65:13-62
service#com.support.main.CaseService
ADDED from AndroidStudioProjects\Support\AndroidManifest.xml:70:9-72:40
	android:exported
		ADDED from AndroidStudioProjects\Support\AndroidManifest.xml:72:13-37
	android:name
		ADDED from AndroidStudioProjects\Support\AndroidManifest.xml:71:13-56
receiver#com.support.receivers.ScheduleReceiver
ADDED from AndroidStudioProjects\Support\AndroidManifest.xml:74:9-78:20
	android:name
		ADDED from AndroidStudioProjects\Support\AndroidManifest.xml:74:19-72
intent-filter#android.intent.action.BOOT_COMPLETED
ADDED from AndroidStudioProjects\Support\AndroidManifest.xml:75:13-77:29
action#android.intent.action.BOOT_COMPLETED
ADDED from AndroidStudioProjects\Support\AndroidManifest.xml:76:17-79
	android:name
		ADDED from AndroidStudioProjects\Support\AndroidManifest.xml:76:25-76
receiver#com.microsoft.windowsazure.notifications.NotificationsBroadcastReceiver
ADDED from AndroidStudioProjects\Support\AndroidManifest.xml:79:9-87:20
	android:permission
		ADDED from AndroidStudioProjects\Support\AndroidManifest.xml:81:13-73
	android:name
		ADDED from AndroidStudioProjects\Support\AndroidManifest.xml:80:13-99
intent-filter#com.example.appolissupport+com.google.android.c2dm.intent.RECEIVE
ADDED from AndroidStudioProjects\Support\AndroidManifest.xml:82:13-86:29
action#com.google.android.c2dm.intent.RECEIVE
ADDED from AndroidStudioProjects\Support\AndroidManifest.xml:83:17-81
	android:name
		ADDED from AndroidStudioProjects\Support\AndroidManifest.xml:83:25-78
category#com.example.appolissupport
ADDED from AndroidStudioProjects\Support\AndroidManifest.xml:85:17-71
	android:name
		ADDED from AndroidStudioProjects\Support\AndroidManifest.xml:85:27-68
activity#com.support.main.SettingsActivity
ADDED from AndroidStudioProjects\Support\AndroidManifest.xml:89:9-91:63
	android:label
		ADDED from AndroidStudioProjects\Support\AndroidManifest.xml:91:13-60
	android:name
		ADDED from AndroidStudioProjects\Support\AndroidManifest.xml:90:13-61
activity#com.support.superuser.SuperSupportUserActivity
ADDED from AndroidStudioProjects\Support\AndroidManifest.xml:92:9-95:55
	android:label
		ADDED from AndroidStudioProjects\Support\AndroidManifest.xml:94:13-41
	android:windowSoftInputMode
		ADDED from AndroidStudioProjects\Support\AndroidManifest.xml:95:13-52
	android:name
		ADDED from AndroidStudioProjects\Support\AndroidManifest.xml:93:13-74
activity#com.support.superuser.SuperDepartmentActivity
ADDED from AndroidStudioProjects\Support\AndroidManifest.xml:96:9-99:55
	android:label
		ADDED from AndroidStudioProjects\Support\AndroidManifest.xml:98:13-40
	android:windowSoftInputMode
		ADDED from AndroidStudioProjects\Support\AndroidManifest.xml:99:13-52
	android:name
		ADDED from AndroidStudioProjects\Support\AndroidManifest.xml:97:13-73
activity#com.support.superuser.SuperSeverityActivity
ADDED from AndroidStudioProjects\Support\AndroidManifest.xml:100:9-103:55
	android:label
		ADDED from AndroidStudioProjects\Support\AndroidManifest.xml:102:13-39
	android:windowSoftInputMode
		ADDED from AndroidStudioProjects\Support\AndroidManifest.xml:103:13-52
	android:name
		ADDED from AndroidStudioProjects\Support\AndroidManifest.xml:101:13-71
activity#com.support.superuser.SuperAreaActivity
ADDED from AndroidStudioProjects\Support\AndroidManifest.xml:104:9-107:55
	android:label
		ADDED from AndroidStudioProjects\Support\AndroidManifest.xml:106:13-34
	android:windowSoftInputMode
		ADDED from AndroidStudioProjects\Support\AndroidManifest.xml:107:13-52
	android:name
		ADDED from AndroidStudioProjects\Support\AndroidManifest.xml:105:13-67
activity#com.support.superuser.SuperStatusActivity
ADDED from AndroidStudioProjects\Support\AndroidManifest.xml:108:9-111:55
	android:label
		ADDED from AndroidStudioProjects\Support\AndroidManifest.xml:110:13-37
	android:windowSoftInputMode
		ADDED from AndroidStudioProjects\Support\AndroidManifest.xml:111:13-52
	android:name
		ADDED from AndroidStudioProjects\Support\AndroidManifest.xml:109:13-69
meta-data#com.google.android.gms.version
ADDED from AndroidStudioProjects\Support\AndroidManifest.xml:113:9-115:69
MERGED from [com.google.android.gms:play-services-base:6.5.87] AndroidManifest.xml:21:9-23:69
	android:value
		ADDED from AndroidStudioProjects\Support\AndroidManifest.xml:115:13-66
	android:name
		ADDED from AndroidStudioProjects\Support\AndroidManifest.xml:114:13-58
activity#com.support.superuser.SuperClientUserActivity
ADDED from AndroidStudioProjects\Support\AndroidManifest.xml:117:9-120:55
	android:label
		ADDED from AndroidStudioProjects\Support\AndroidManifest.xml:119:13-46
	android:windowSoftInputMode
		ADDED from AndroidStudioProjects\Support\AndroidManifest.xml:120:13-52
	android:name
		ADDED from AndroidStudioProjects\Support\AndroidManifest.xml:118:13-73
activity#com.support.superuser.SuperSettingsActivity
ADDED from AndroidStudioProjects\Support\AndroidManifest.xml:121:9-124:55
	android:label
		ADDED from AndroidStudioProjects\Support\AndroidManifest.xml:123:13-37
	android:windowSoftInputMode
		ADDED from AndroidStudioProjects\Support\AndroidManifest.xml:124:13-52
	android:name
		ADDED from AndroidStudioProjects\Support\AndroidManifest.xml:122:13-71
activity#com.support.main.ResetPasswordActivity
ADDED from AndroidStudioProjects\Support\AndroidManifest.xml:125:9-127:55
	android:label
		ADDED from AndroidStudioProjects\Support\AndroidManifest.xml:126:13-43
	android:windowSoftInputMode
		ADDED from AndroidStudioProjects\Support\AndroidManifest.xml:127:13-52
	android:name
		ADDED from AndroidStudioProjects\Support\AndroidManifest.xml:125:19-72